#
# There is insufficient memory for the Java Runtime Environment to continue.
# Native memory allocation (malloc) failed to allocate 1250416 bytes. Error detail: Chunk::new
# Possible reasons:
#   The system is out of physical RAM or swap space
#   This process is running with CompressedOops enabled, and the Java Heap may be blocking the growth of the native heap
# Possible solutions:
#   Reduce memory load on the system
#   Increase physical memory or swap space
#   Check if swap backing store is full
#   Decrease Java heap size (-Xmx/-Xms)
#   Decrease number of Java threads
#   Decrease Java thread stack sizes (-Xss)
#   Set larger code cache with -XX:ReservedCodeCacheSize=
#   JVM is running with Zero Based Compressed Oops mode in which the Java heap is
#     placed in the first 32GB address space. The Java Heap base address is the
#     maximum limit for the native heap growth. Please use -XX:HeapBaseMinAddress
#     to set the Java Heap base and to place the Java Heap above 32GB virtual address.
# This output file may be truncated or incomplete.
#
#  Out of Memory Error (arena.cpp:149), pid=49124, tid=53624
#
# JRE version: OpenJDK Runtime Environment (23.0.2+7) (build 23.0.2+7-58)
# Java VM: OpenJDK 64-Bit Server VM (23.0.2+7-58, mixed mode, tiered, compressed oops, compressed class ptrs, g1 gc, windows-amd64)
# No core dump will be written. Minidumps are not enabled by default on client versions of Windows
#

---------------  S U M M A R Y ------------

Command Line: -XX:+ShowCodeDetailsInExceptionMessages seng2050.Main

Host: 12th Gen Intel(R) Core(TM) i7-1255U, 12 cores, 11G,  Windows 11 , 64 bit Build 26100 (10.0.26100.3323)
Time: Mon Apr  7 05:36:55 2025 Eastern Daylight Time elapsed time: 7.127425 seconds (0d 0h 0m 7s)

---------------  T H R E A D  ---------------

Current thread (0x000001e3dea75480):  JavaThread "C2 CompilerThread2" daemon [_thread_in_native, id=53624, stack(0x0000001d89400000,0x0000001d89500000) (1024K)]


Current CompileTask:
C2:7127 1567   !   4       org.apache.tomcat.util.IntrospectionUtils::setProperty (1002 bytes)

Stack: [0x0000001d89400000,0x0000001d89500000]
Native frames: (J=compiled Java code, j=interpreted, Vv=VM code, C=native code)
V  [jvm.dll+0x6e0b99]  (no source info available)
V  [jvm.dll+0x87e2b3]  (no source info available)
V  [jvm.dll+0x88073e]  (no source info available)
V  [jvm.dll+0x880e13]  (no source info available)
V  [jvm.dll+0x27b006]  (no source info available)
V  [jvm.dll+0xbc06f]  (no source info available)
V  [jvm.dll+0xbc2cb]  (no source info available)
V  [jvm.dll+0x3b3c22]  (no source info available)
V  [jvm.dll+0x38a55b]  (no source info available)
V  [jvm.dll+0x3899ca]  (no source info available)
V  [jvm.dll+0x244ba1]  (no source info available)
V  [jvm.dll+0x243eff]  (no source info available)
V  [jvm.dll+0x1c34b0]  (no source info available)
V  [jvm.dll+0x253df1]  (no source info available)
V  [jvm.dll+0x2520aa]  (no source info available)
V  [jvm.dll+0x3ee226]  (no source info available)
V  [jvm.dll+0x8254cb]  (no source info available)
V  [jvm.dll+0x6df345]  (no source info available)
C  [ucrtbase.dll+0x37b0]  (no source info available)
C  [KERNEL32.DLL+0x2e8d7]  (no source info available)
C  [ntdll.dll+0xbbf6c]  (no source info available)

Lock stack of current Java thread (top to bottom):


---------------  P R O C E S S  ---------------

Threads class SMR info:
_java_thread_list=0x000001e3dea48260, length=13, elements={
0x000001e3b932c830, 0x000001e3d9b0dd90, 0x000001e3d9b0e7f0, 0x000001e3d9b56550,
0x000001e3d9b3af20, 0x000001e3d9b3c990, 0x000001e3d9b3d3f0, 0x000001e3d9b3e180,
0x000001e3d9b432b0, 0x000001e3d9cfff70, 0x000001e3d9d09620, 0x000001e3de369c60,
0x000001e3dea75480
}

Java Threads: ( => current thread )
  0x000001e3b932c830 JavaThread "main"                              [_thread_in_vm, id=15916, stack(0x0000001d88100000,0x0000001d88200000) (1024K)]
  0x000001e3d9b0dd90 JavaThread "Reference Handler"          daemon [_thread_blocked, id=53412, stack(0x0000001d88900000,0x0000001d88a00000) (1024K)]
  0x000001e3d9b0e7f0 JavaThread "Finalizer"                  daemon [_thread_blocked, id=50672, stack(0x0000001d88a00000,0x0000001d88b00000) (1024K)]
  0x000001e3d9b56550 JavaThread "Signal Dispatcher"          daemon [_thread_blocked, id=55680, stack(0x0000001d88b00000,0x0000001d88c00000) (1024K)]
  0x000001e3d9b3af20 JavaThread "Attach Listener"            daemon [_thread_blocked, id=38208, stack(0x0000001d88c00000,0x0000001d88d00000) (1024K)]
  0x000001e3d9b3c990 JavaThread "Service Thread"             daemon [_thread_blocked, id=50184, stack(0x0000001d88d00000,0x0000001d88e00000) (1024K)]
  0x000001e3d9b3d3f0 JavaThread "Monitor Deflation Thread"   daemon [_thread_blocked, id=47592, stack(0x0000001d88e00000,0x0000001d88f00000) (1024K)]
  0x000001e3d9b3e180 JavaThread "C2 CompilerThread0"         daemon [_thread_blocked, id=55384, stack(0x0000001d88f00000,0x0000001d89000000) (1024K)]
  0x000001e3d9b432b0 JavaThread "C1 CompilerThread0"         daemon [_thread_blocked, id=40580, stack(0x0000001d89000000,0x0000001d89100000) (1024K)]
  0x000001e3d9cfff70 JavaThread "Notification Thread"        daemon [_thread_blocked, id=24116, stack(0x0000001d89100000,0x0000001d89200000) (1024K)]
  0x000001e3d9d09620 JavaThread "Common-Cleaner"             daemon [_thread_blocked, id=22952, stack(0x0000001d89200000,0x0000001d89300000) (1024K)]
  0x000001e3de369c60 JavaThread "C2 CompilerThread1"         daemon [_thread_blocked, id=48680, stack(0x0000001d89300000,0x0000001d89400000) (1024K)]
=>0x000001e3dea75480 JavaThread "C2 CompilerThread2"         daemon [_thread_in_native, id=53624, stack(0x0000001d89400000,0x0000001d89500000) (1024K)]
Total: 13

Other Threads:
  0x000001e3d9a64140 VMThread "VM Thread"                           [id=50808, stack(0x0000001d88800000,0x0000001d88900000) (1024K)]
  0x000001e3d9a504a0 WatcherThread "VM Periodic Task Thread"        [id=4144, stack(0x0000001d88700000,0x0000001d88800000) (1024K)]
  0x000001e3bb7507a0 WorkerThread "GC Thread#0"                     [id=40048, stack(0x0000001d88200000,0x0000001d88300000) (1024K)]
  0x000001e3bb760320 ConcurrentGCThread "G1 Main Marker"            [id=21320, stack(0x0000001d88300000,0x0000001d88400000) (1024K)]
  0x000001e3bb761cb0 WorkerThread "G1 Conc#0"                       [id=22568, stack(0x0000001d88400000,0x0000001d88500000) (1024K)]
  0x000001e3bb7be910 ConcurrentGCThread "G1 Refine#0"               [id=44148, stack(0x0000001d88500000,0x0000001d88600000) (1024K)]
  0x000001e3d9918900 ConcurrentGCThread "G1 Service"                [id=17744, stack(0x0000001d88600000,0x0000001d88700000) (1024K)]
Total: 7

Threads with active compile tasks:
C2 CompilerThread2  7205 1567   !   4       org.apache.tomcat.util.IntrospectionUtils::setProperty (1002 bytes)
Total: 1

VM state: not at safepoint (normal execution)

VM Mutex/Monitor currently owned by a thread:  ([mutex/lock_event])
[0x00007ffbbd382888] Metaspace_lock - owner thread: 0x000001e3b932c830

Heap address: 0x0000000744400000, size: 3004 MB, Compressed Oops mode: Zero based, Oop shift amount: 3

CDS archive(s) not mapped
Compressed class space mapped at: 0x0000000019000000-0x0000000059000000, reserved size: 1073741824
Narrow klass base: 0x0000000000000000, Narrow klass shift: 0, Narrow klass range: 0x59000000

GC Precious Log:
 CardTable entry size: 512
 Card Set container configuration: InlinePtr #cards 4 size 8 Array Of Cards #cards 16 size 48 Howl #buckets 8 coarsen threshold 3686 Howl Bitmap #cards 512 size 80 coarsen threshold 460 Card regions per heap region 1 cards per card region 4096
 CPUs: 12 total, 12 available
 Memory: 12012M
 Large Page Support: Disabled
 NUMA Support: Disabled
 Compressed Oops: Enabled (Zero based)
 Heap Region Size: 2M
 Heap Min Capacity: 8M
 Heap Initial Capacity: 188M
 Heap Max Capacity: 3004M
 Pre-touch: Disabled
 Parallel Workers: 10
 Concurrent Workers: 3
 Concurrent Refinement Workers: 10
 Periodic GC: Disabled

Heap:
 garbage-first heap   total reserved 3076096K, committed 192512K, used 22528K [0x0000000744400000, 0x0000000800000000)
  region size 2048K, 12 young (24576K), 0 survivors (0K)
 Metaspace       used 18871K, committed 19072K, reserved 1114112K
  class space    used 1815K, committed 1920K, reserved 1048576K

Heap Regions: E=young(eden), S=young(survivor), O=old, HS=humongous(starts), HC=humongous(continues), CS=collection set, F=free, TAMS=top-at-mark-start, PB=parsable bottom
|   0|0x0000000744400000, 0x0000000744400000, 0x0000000744600000|  0%| F|  |TAMS 0x0000000744400000| PB 0x0000000744400000| Untracked |  0
|   1|0x0000000744600000, 0x0000000744600000, 0x0000000744800000|  0%| F|  |TAMS 0x0000000744600000| PB 0x0000000744600000| Untracked |  0
|   2|0x0000000744800000, 0x0000000744800000, 0x0000000744a00000|  0%| F|  |TAMS 0x0000000744800000| PB 0x0000000744800000| Untracked |  0
|   3|0x0000000744a00000, 0x0000000744a00000, 0x0000000744c00000|  0%| F|  |TAMS 0x0000000744a00000| PB 0x0000000744a00000| Untracked |  0
|   4|0x0000000744c00000, 0x0000000744c00000, 0x0000000744e00000|  0%| F|  |TAMS 0x0000000744c00000| PB 0x0000000744c00000| Untracked |  0
|   5|0x0000000744e00000, 0x0000000744e00000, 0x0000000745000000|  0%| F|  |TAMS 0x0000000744e00000| PB 0x0000000744e00000| Untracked |  0
|   6|0x0000000745000000, 0x0000000745000000, 0x0000000745200000|  0%| F|  |TAMS 0x0000000745000000| PB 0x0000000745000000| Untracked |  0
|   7|0x0000000745200000, 0x0000000745200000, 0x0000000745400000|  0%| F|  |TAMS 0x0000000745200000| PB 0x0000000745200000| Untracked |  0
|   8|0x0000000745400000, 0x0000000745400000, 0x0000000745600000|  0%| F|  |TAMS 0x0000000745400000| PB 0x0000000745400000| Untracked |  0
|   9|0x0000000745600000, 0x0000000745600000, 0x0000000745800000|  0%| F|  |TAMS 0x0000000745600000| PB 0x0000000745600000| Untracked |  0
|  10|0x0000000745800000, 0x0000000745800000, 0x0000000745a00000|  0%| F|  |TAMS 0x0000000745800000| PB 0x0000000745800000| Untracked |  0
|  11|0x0000000745a00000, 0x0000000745a00000, 0x0000000745c00000|  0%| F|  |TAMS 0x0000000745a00000| PB 0x0000000745a00000| Untracked |  0
|  12|0x0000000745c00000, 0x0000000745c00000, 0x0000000745e00000|  0%| F|  |TAMS 0x0000000745c00000| PB 0x0000000745c00000| Untracked |  0
|  13|0x0000000745e00000, 0x0000000745e00000, 0x0000000746000000|  0%| F|  |TAMS 0x0000000745e00000| PB 0x0000000745e00000| Untracked |  0
|  14|0x0000000746000000, 0x0000000746000000, 0x0000000746200000|  0%| F|  |TAMS 0x0000000746000000| PB 0x0000000746000000| Untracked |  0
|  15|0x0000000746200000, 0x0000000746200000, 0x0000000746400000|  0%| F|  |TAMS 0x0000000746200000| PB 0x0000000746200000| Untracked |  0
|  16|0x0000000746400000, 0x0000000746400000, 0x0000000746600000|  0%| F|  |TAMS 0x0000000746400000| PB 0x0000000746400000| Untracked |  0
|  17|0x0000000746600000, 0x0000000746600000, 0x0000000746800000|  0%| F|  |TAMS 0x0000000746600000| PB 0x0000000746600000| Untracked |  0
|  18|0x0000000746800000, 0x0000000746800000, 0x0000000746a00000|  0%| F|  |TAMS 0x0000000746800000| PB 0x0000000746800000| Untracked |  0
|  19|0x0000000746a00000, 0x0000000746a00000, 0x0000000746c00000|  0%| F|  |TAMS 0x0000000746a00000| PB 0x0000000746a00000| Untracked |  0
|  20|0x0000000746c00000, 0x0000000746c00000, 0x0000000746e00000|  0%| F|  |TAMS 0x0000000746c00000| PB 0x0000000746c00000| Untracked |  0
|  21|0x0000000746e00000, 0x0000000746e00000, 0x0000000747000000|  0%| F|  |TAMS 0x0000000746e00000| PB 0x0000000746e00000| Untracked |  0
|  22|0x0000000747000000, 0x0000000747000000, 0x0000000747200000|  0%| F|  |TAMS 0x0000000747000000| PB 0x0000000747000000| Untracked |  0
|  23|0x0000000747200000, 0x0000000747200000, 0x0000000747400000|  0%| F|  |TAMS 0x0000000747200000| PB 0x0000000747200000| Untracked |  0
|  24|0x0000000747400000, 0x0000000747400000, 0x0000000747600000|  0%| F|  |TAMS 0x0000000747400000| PB 0x0000000747400000| Untracked |  0
|  25|0x0000000747600000, 0x0000000747600000, 0x0000000747800000|  0%| F|  |TAMS 0x0000000747600000| PB 0x0000000747600000| Untracked |  0
|  26|0x0000000747800000, 0x0000000747800000, 0x0000000747a00000|  0%| F|  |TAMS 0x0000000747800000| PB 0x0000000747800000| Untracked |  0
|  27|0x0000000747a00000, 0x0000000747a00000, 0x0000000747c00000|  0%| F|  |TAMS 0x0000000747a00000| PB 0x0000000747a00000| Untracked |  0
|  28|0x0000000747c00000, 0x0000000747c00000, 0x0000000747e00000|  0%| F|  |TAMS 0x0000000747c00000| PB 0x0000000747c00000| Untracked |  0
|  29|0x0000000747e00000, 0x0000000747e00000, 0x0000000748000000|  0%| F|  |TAMS 0x0000000747e00000| PB 0x0000000747e00000| Untracked |  0
|  30|0x0000000748000000, 0x0000000748000000, 0x0000000748200000|  0%| F|  |TAMS 0x0000000748000000| PB 0x0000000748000000| Untracked |  0
|  31|0x0000000748200000, 0x0000000748200000, 0x0000000748400000|  0%| F|  |TAMS 0x0000000748200000| PB 0x0000000748200000| Untracked |  0
|  32|0x0000000748400000, 0x0000000748400000, 0x0000000748600000|  0%| F|  |TAMS 0x0000000748400000| PB 0x0000000748400000| Untracked |  0
|  33|0x0000000748600000, 0x0000000748600000, 0x0000000748800000|  0%| F|  |TAMS 0x0000000748600000| PB 0x0000000748600000| Untracked |  0
|  34|0x0000000748800000, 0x0000000748800000, 0x0000000748a00000|  0%| F|  |TAMS 0x0000000748800000| PB 0x0000000748800000| Untracked |  0
|  35|0x0000000748a00000, 0x0000000748a00000, 0x0000000748c00000|  0%| F|  |TAMS 0x0000000748a00000| PB 0x0000000748a00000| Untracked |  0
|  36|0x0000000748c00000, 0x0000000748c00000, 0x0000000748e00000|  0%| F|  |TAMS 0x0000000748c00000| PB 0x0000000748c00000| Untracked |  0
|  37|0x0000000748e00000, 0x0000000748e00000, 0x0000000749000000|  0%| F|  |TAMS 0x0000000748e00000| PB 0x0000000748e00000| Untracked |  0
|  38|0x0000000749000000, 0x0000000749000000, 0x0000000749200000|  0%| F|  |TAMS 0x0000000749000000| PB 0x0000000749000000| Untracked |  0
|  39|0x0000000749200000, 0x0000000749200000, 0x0000000749400000|  0%| F|  |TAMS 0x0000000749200000| PB 0x0000000749200000| Untracked |  0
|  40|0x0000000749400000, 0x0000000749400000, 0x0000000749600000|  0%| F|  |TAMS 0x0000000749400000| PB 0x0000000749400000| Untracked |  0
|  41|0x0000000749600000, 0x0000000749600000, 0x0000000749800000|  0%| F|  |TAMS 0x0000000749600000| PB 0x0000000749600000| Untracked |  0
|  42|0x0000000749800000, 0x0000000749800000, 0x0000000749a00000|  0%| F|  |TAMS 0x0000000749800000| PB 0x0000000749800000| Untracked |  0
|  43|0x0000000749a00000, 0x0000000749a00000, 0x0000000749c00000|  0%| F|  |TAMS 0x0000000749a00000| PB 0x0000000749a00000| Untracked |  0
|  44|0x0000000749c00000, 0x0000000749c00000, 0x0000000749e00000|  0%| F|  |TAMS 0x0000000749c00000| PB 0x0000000749c00000| Untracked |  0
|  45|0x0000000749e00000, 0x0000000749e00000, 0x000000074a000000|  0%| F|  |TAMS 0x0000000749e00000| PB 0x0000000749e00000| Untracked |  0
|  46|0x000000074a000000, 0x000000074a000000, 0x000000074a200000|  0%| F|  |TAMS 0x000000074a000000| PB 0x000000074a000000| Untracked |  0
|  47|0x000000074a200000, 0x000000074a200000, 0x000000074a400000|  0%| F|  |TAMS 0x000000074a200000| PB 0x000000074a200000| Untracked |  0
|  48|0x000000074a400000, 0x000000074a400000, 0x000000074a600000|  0%| F|  |TAMS 0x000000074a400000| PB 0x000000074a400000| Untracked |  0
|  49|0x000000074a600000, 0x000000074a600000, 0x000000074a800000|  0%| F|  |TAMS 0x000000074a600000| PB 0x000000074a600000| Untracked |  0
|  50|0x000000074a800000, 0x000000074a800000, 0x000000074aa00000|  0%| F|  |TAMS 0x000000074a800000| PB 0x000000074a800000| Untracked |  0
|  51|0x000000074aa00000, 0x000000074aa00000, 0x000000074ac00000|  0%| F|  |TAMS 0x000000074aa00000| PB 0x000000074aa00000| Untracked |  0
|  52|0x000000074ac00000, 0x000000074ac00000, 0x000000074ae00000|  0%| F|  |TAMS 0x000000074ac00000| PB 0x000000074ac00000| Untracked |  0
|  53|0x000000074ae00000, 0x000000074ae00000, 0x000000074b000000|  0%| F|  |TAMS 0x000000074ae00000| PB 0x000000074ae00000| Untracked |  0
|  54|0x000000074b000000, 0x000000074b000000, 0x000000074b200000|  0%| F|  |TAMS 0x000000074b000000| PB 0x000000074b000000| Untracked |  0
|  55|0x000000074b200000, 0x000000074b200000, 0x000000074b400000|  0%| F|  |TAMS 0x000000074b200000| PB 0x000000074b200000| Untracked |  0
|  56|0x000000074b400000, 0x000000074b400000, 0x000000074b600000|  0%| F|  |TAMS 0x000000074b400000| PB 0x000000074b400000| Untracked |  0
|  57|0x000000074b600000, 0x000000074b600000, 0x000000074b800000|  0%| F|  |TAMS 0x000000074b600000| PB 0x000000074b600000| Untracked |  0
|  58|0x000000074b800000, 0x000000074b800000, 0x000000074ba00000|  0%| F|  |TAMS 0x000000074b800000| PB 0x000000074b800000| Untracked |  0
|  59|0x000000074ba00000, 0x000000074ba00000, 0x000000074bc00000|  0%| F|  |TAMS 0x000000074ba00000| PB 0x000000074ba00000| Untracked |  0
|  60|0x000000074bc00000, 0x000000074bc00000, 0x000000074be00000|  0%| F|  |TAMS 0x000000074bc00000| PB 0x000000074bc00000| Untracked |  0
|  61|0x000000074be00000, 0x000000074be00000, 0x000000074c000000|  0%| F|  |TAMS 0x000000074be00000| PB 0x000000074be00000| Untracked |  0
|  62|0x000000074c000000, 0x000000074c000000, 0x000000074c200000|  0%| F|  |TAMS 0x000000074c000000| PB 0x000000074c000000| Untracked |  0
|  63|0x000000074c200000, 0x000000074c200000, 0x000000074c400000|  0%| F|  |TAMS 0x000000074c200000| PB 0x000000074c200000| Untracked |  0
|  64|0x000000074c400000, 0x000000074c400000, 0x000000074c600000|  0%| F|  |TAMS 0x000000074c400000| PB 0x000000074c400000| Untracked |  0
|  65|0x000000074c600000, 0x000000074c600000, 0x000000074c800000|  0%| F|  |TAMS 0x000000074c600000| PB 0x000000074c600000| Untracked |  0
|  66|0x000000074c800000, 0x000000074c800000, 0x000000074ca00000|  0%| F|  |TAMS 0x000000074c800000| PB 0x000000074c800000| Untracked |  0
|  67|0x000000074ca00000, 0x000000074ca00000, 0x000000074cc00000|  0%| F|  |TAMS 0x000000074ca00000| PB 0x000000074ca00000| Untracked |  0
|  68|0x000000074cc00000, 0x000000074cc00000, 0x000000074ce00000|  0%| F|  |TAMS 0x000000074cc00000| PB 0x000000074cc00000| Untracked |  0
|  69|0x000000074ce00000, 0x000000074ce00000, 0x000000074d000000|  0%| F|  |TAMS 0x000000074ce00000| PB 0x000000074ce00000| Untracked |  0
|  70|0x000000074d000000, 0x000000074d000000, 0x000000074d200000|  0%| F|  |TAMS 0x000000074d000000| PB 0x000000074d000000| Untracked |  0
|  71|0x000000074d200000, 0x000000074d200000, 0x000000074d400000|  0%| F|  |TAMS 0x000000074d200000| PB 0x000000074d200000| Untracked |  0
|  72|0x000000074d400000, 0x000000074d400000, 0x000000074d600000|  0%| F|  |TAMS 0x000000074d400000| PB 0x000000074d400000| Untracked |  0
|  73|0x000000074d600000, 0x000000074d600000, 0x000000074d800000|  0%| F|  |TAMS 0x000000074d600000| PB 0x000000074d600000| Untracked |  0
|  74|0x000000074d800000, 0x000000074d800000, 0x000000074da00000|  0%| F|  |TAMS 0x000000074d800000| PB 0x000000074d800000| Untracked |  0
|  75|0x000000074da00000, 0x000000074da00000, 0x000000074dc00000|  0%| F|  |TAMS 0x000000074da00000| PB 0x000000074da00000| Untracked |  0
|  76|0x000000074dc00000, 0x000000074dc00000, 0x000000074de00000|  0%| F|  |TAMS 0x000000074dc00000| PB 0x000000074dc00000| Untracked |  0
|  77|0x000000074de00000, 0x000000074de00000, 0x000000074e000000|  0%| F|  |TAMS 0x000000074de00000| PB 0x000000074de00000| Untracked |  0
|  78|0x000000074e000000, 0x000000074e000000, 0x000000074e200000|  0%| F|  |TAMS 0x000000074e000000| PB 0x000000074e000000| Untracked |  0
|  79|0x000000074e200000, 0x000000074e200000, 0x000000074e400000|  0%| F|  |TAMS 0x000000074e200000| PB 0x000000074e200000| Untracked |  0
|  80|0x000000074e400000, 0x000000074e400000, 0x000000074e600000|  0%| F|  |TAMS 0x000000074e400000| PB 0x000000074e400000| Untracked |  0
|  81|0x000000074e600000, 0x000000074e600000, 0x000000074e800000|  0%| F|  |TAMS 0x000000074e600000| PB 0x000000074e600000| Untracked |  0
|  82|0x000000074e800000, 0x000000074e87ee20, 0x000000074ea00000| 24%| E|  |TAMS 0x000000074e800000| PB 0x000000074e800000| Complete |  1
|  83|0x000000074ea00000, 0x000000074ec00000, 0x000000074ec00000|100%| E|CS|TAMS 0x000000074ea00000| PB 0x000000074ea00000| Complete |  0
|  84|0x000000074ec00000, 0x000000074ee00000, 0x000000074ee00000|100%| E|CS|TAMS 0x000000074ec00000| PB 0x000000074ec00000| Complete |  0
|  85|0x000000074ee00000, 0x000000074f000000, 0x000000074f000000|100%| E|CS|TAMS 0x000000074ee00000| PB 0x000000074ee00000| Complete |  0
|  86|0x000000074f000000, 0x000000074f200000, 0x000000074f200000|100%| E|CS|TAMS 0x000000074f000000| PB 0x000000074f000000| Complete |  0
|  87|0x000000074f200000, 0x000000074f400000, 0x000000074f400000|100%| E|CS|TAMS 0x000000074f200000| PB 0x000000074f200000| Complete |  0
|  88|0x000000074f400000, 0x000000074f600000, 0x000000074f600000|100%| E|CS|TAMS 0x000000074f400000| PB 0x000000074f400000| Complete |  0
|  89|0x000000074f600000, 0x000000074f800000, 0x000000074f800000|100%| E|CS|TAMS 0x000000074f600000| PB 0x000000074f600000| Complete |  0
|  90|0x000000074f800000, 0x000000074fa00000, 0x000000074fa00000|100%| E|CS|TAMS 0x000000074f800000| PB 0x000000074f800000| Complete |  0
|  91|0x000000074fa00000, 0x000000074fc00000, 0x000000074fc00000|100%| E|CS|TAMS 0x000000074fa00000| PB 0x000000074fa00000| Complete |  0
|  92|0x000000074fc00000, 0x000000074fe00000, 0x000000074fe00000|100%| E|CS|TAMS 0x000000074fc00000| PB 0x000000074fc00000| Complete |  0
|  93|0x000000074fe00000, 0x0000000750000000, 0x0000000750000000|100%| E|CS|TAMS 0x000000074fe00000| PB 0x000000074fe00000| Complete |  0

Card table byte_map: [0x000001e3d3960000,0x000001e3d3f40000] _byte_map_base: 0x000001e3cff3e000

Marking Bits: (CMBitMap*) 0x000001e3bb750eb0
 Bits: [0x000001e3d3f40000, 0x000001e3d6e30000)

Polling page: 0x000001e3b94e0000

Metaspace:

Usage:
  Non-class:     16.66 MB used.
      Class:      1.77 MB used.
       Both:     18.43 MB used.

Virtual space:
  Non-class space:       64.00 MB reserved,      16.75 MB ( 26%) committed,  1 nodes.
      Class space:        1.00 GB reserved,       1.88 MB ( <1%) committed,  1 nodes.
             Both:        1.06 GB reserved,      18.62 MB (  2%) committed. 

Chunk freelists:
   Non-Class:  14.77 MB
       Class:  14.06 MB
        Both:  28.83 MB

MaxMetaspaceSize: unlimited
CompressedClassSpaceSize: 1.00 GB
Initial GC threshold: 21.00 MB
Current GC threshold: 21.00 MB
CDS: off
 - commit_granule_bytes: 65536.
 - commit_granule_words: 8192.
 - virtual_space_node_default_size: 8388608.
 - enlarge_chunks_in_place: 1.
 - use_allocation_guard: 0.


Internal statistics:

num_allocs_failed_limit: 0.
num_arena_births: 206.
num_arena_deaths: 0.
num_vsnodes_births: 2.
num_vsnodes_deaths: 0.
num_space_committed: 298.
num_space_uncommitted: 0.
num_chunks_returned_to_freelist: 0.
num_chunks_taken_from_freelist: 380.
num_chunk_merges: 0.
num_chunk_splits: 221.
num_chunks_enlarged: 118.
num_inconsistent_stats: 0.

CodeHeap 'non-profiled nmethods': size=120064Kb used=561Kb max_used=561Kb free=119503Kb
 bounds [0x000001e3cb8f0000, 0x000001e3cbb60000, 0x000001e3d2e30000]
CodeHeap 'profiled nmethods': size=120000Kb used=2408Kb max_used=2408Kb free=117591Kb
 bounds [0x000001e3c3e30000, 0x000001e3c40a0000, 0x000001e3cb360000]
CodeHeap 'non-nmethods': size=5696Kb used=1398Kb max_used=1431Kb free=4298Kb
 bounds [0x000001e3cb360000, 0x000001e3cb5d0000, 0x000001e3cb8f0000]
CodeCache: size=245760Kb, used=4367Kb, max_used=4400Kb, free=241392Kb
 total_blobs=2192, nmethods=1688, adapters=410, full_count=0
Compilation: enabled, stopped_count=0, restarted_count=0

Compilation events (20 events):
Event: 6.093 Thread 0x000001e3d9b432b0 1681       1       org.apache.tomcat.util.modeler.AttributeInfo::isWriteable (5 bytes)
Event: 6.093 Thread 0x000001e3d9b432b0 nmethod 1681 0x000001e3cb978608 code [0x000001e3cb978720, 0x000001e3cb9787f0]
Event: 6.093 Thread 0x000001e3d9b432b0 1679       3       java.util.concurrent.atomic.AtomicInteger::getAndAdd (12 bytes)
Event: 6.093 Thread 0x000001e3d9b432b0 nmethod 1679 0x000001e3c4084b08 code [0x000001e3c4084c20, 0x000001e3c4084d38]
Event: 6.094 Thread 0x000001e3d9b432b0 1682       1       org.apache.tomcat.util.modeler.OperationInfo::getImpact (5 bytes)
Event: 6.094 Thread 0x000001e3d9b432b0 nmethod 1682 0x000001e3cb978908 code [0x000001e3cb978a20, 0x000001e3cb978af0]
Event: 6.094 Thread 0x000001e3d9b432b0 1683       3       java.util.concurrent.locks.ReentrantReadWriteLock$WriteLock::lock (9 bytes)
Event: 6.094 Thread 0x000001e3d9b432b0 nmethod 1683 0x000001e3c4084e08 code [0x000001e3c4084f20, 0x000001e3c4085070]
Event: 6.094 Thread 0x000001e3d9b432b0 1684       3       java.util.concurrent.locks.AbstractQueuedSynchronizer::acquire (20 bytes)
Event: 6.094 Thread 0x000001e3d9b432b0 nmethod 1684 0x000001e3c4085108 code [0x000001e3c4085240, 0x000001e3c40854a0]
Event: 6.105 Thread 0x000001e3d9b432b0 1686       3       java.lang.invoke.MemberName::isField (8 bytes)
Event: 6.105 Thread 0x000001e3d9b432b0 nmethod 1686 0x000001e3c4085508 code [0x000001e3c4085620, 0x000001e3c40857e8]
Event: 6.107 Thread 0x000001e3d9b432b0 1687       3       java.util.ImmutableCollections$SetN::<init> (90 bytes)
Event: 6.108 Thread 0x000001e3d9b432b0 nmethod 1687 0x000001e3c4085808 code [0x000001e3c4085a40, 0x000001e3c4086750]
Event: 6.108 Thread 0x000001e3d9b432b0 1688       3       java.util.HashMap$HashIterator::<init> (79 bytes)
Event: 6.109 Thread 0x000001e3d9b432b0 nmethod 1688 0x000001e3c4086808 code [0x000001e3c4086940, 0x000001e3c4086d48]
Event: 6.109 Thread 0x000001e3d9b432b0 1689       3       java.lang.Boolean::parseBoolean (7 bytes)
Event: 6.109 Thread 0x000001e3d9b432b0 nmethod 1689 0x000001e3c4086d88 code [0x000001e3c4086ea0, 0x000001e3c4086fd0]
Event: 6.110 Thread 0x000001e3d9b432b0 1690       3       java.lang.invoke.DirectMethodHandle::make (275 bytes)
Event: 7.122 Thread 0x000001e3d9b432b0 nmethod 1690 0x000001e3c4087088 code [0x000001e3c40873a0, 0x000001e3c4088680]

GC Heap History (0 events):
No events

Dll operation events (9 events):
Event: 0.014 Loaded shared library C:\Users\avala\Downloads\SENG2050\openjdk-23.0.2_windows-x64_bin\jdk-23.0.2\bin\java.dll
Event: 1.193 Loaded shared library C:\Users\avala\Downloads\SENG2050\openjdk-23.0.2_windows-x64_bin\jdk-23.0.2\bin\jsvml.dll
Event: 1.280 Loaded shared library C:\Users\avala\Downloads\SENG2050\openjdk-23.0.2_windows-x64_bin\jdk-23.0.2\bin\net.dll
Event: 1.283 Loaded shared library C:\Users\avala\Downloads\SENG2050\openjdk-23.0.2_windows-x64_bin\jdk-23.0.2\bin\nio.dll
Event: 1.297 Loaded shared library C:\Users\avala\Downloads\SENG2050\openjdk-23.0.2_windows-x64_bin\jdk-23.0.2\bin\zip.dll
Event: 1.408 Loaded shared library C:\Users\avala\Downloads\SENG2050\openjdk-23.0.2_windows-x64_bin\jdk-23.0.2\bin\jimage.dll
Event: 2.849 Loaded shared library C:\Users\avala\Downloads\SENG2050\openjdk-23.0.2_windows-x64_bin\jdk-23.0.2\bin\management.dll
Event: 2.858 Loaded shared library C:\Users\avala\Downloads\SENG2050\openjdk-23.0.2_windows-x64_bin\jdk-23.0.2\bin\management_ext.dll
Event: 6.106 Loaded shared library C:\Users\avala\Downloads\SENG2050\openjdk-23.0.2_windows-x64_bin\jdk-23.0.2\bin\extnet.dll

Deoptimization events (20 events):
Event: 4.007 Thread 0x000001e3b932c830 DEOPT PACKING pc=0x000001e3c4022a34 sp=0x0000001d881fdbe0
Event: 4.007 Thread 0x000001e3b932c830 DEOPT UNPACKING pc=0x000001e3cb3b4b22 sp=0x0000001d881fd0a0 mode 0
Event: 4.008 Thread 0x000001e3b932c830 DEOPT PACKING pc=0x000001e3c4022a34 sp=0x0000001d881fd870
Event: 4.008 Thread 0x000001e3b932c830 DEOPT UNPACKING pc=0x000001e3cb3b4b22 sp=0x0000001d881fcd30 mode 0
Event: 4.010 Thread 0x000001e3b932c830 DEOPT PACKING pc=0x000001e3c4022a34 sp=0x0000001d881fda60
Event: 4.010 Thread 0x000001e3b932c830 DEOPT UNPACKING pc=0x000001e3cb3b4b22 sp=0x0000001d881fcf20 mode 0
Event: 4.033 Thread 0x000001e3b932c830 Uncommon trap: trap_request=0xffffff45 fr.pc=0x000001e3cb96b74c relative=0x0000000000000b4c
Event: 4.033 Thread 0x000001e3b932c830 Uncommon trap: reason=unstable_if action=reinterpret pc=0x000001e3cb96b74c method=com.sun.org.apache.xerces.internal.util.SymbolTable.addSymbol([CII)Ljava/lang/String; @ 28 c2
Event: 4.033 Thread 0x000001e3b932c830 DEOPT PACKING pc=0x000001e3cb96b74c sp=0x0000001d881fda00
Event: 4.033 Thread 0x000001e3b932c830 DEOPT UNPACKING pc=0x000001e3cb3b4402 sp=0x0000001d881fd940 mode 2
Event: 4.045 Thread 0x000001e3b932c830 DEOPT PACKING pc=0x000001e3c40344e2 sp=0x0000001d881fe790
Event: 4.045 Thread 0x000001e3b932c830 DEOPT UNPACKING pc=0x000001e3cb3b4b22 sp=0x0000001d881fdc88 mode 0
Event: 6.063 Thread 0x000001e3b932c830 Uncommon trap: trap_request=0xffffffde fr.pc=0x000001e3cb92b2ac relative=0x0000000000000d4c
Event: 6.063 Thread 0x000001e3b932c830 Uncommon trap: reason=class_check action=maybe_recompile pc=0x000001e3cb92b2ac method=java.util.Properties$LineReader.readLine()I @ 70 c2
Event: 6.063 Thread 0x000001e3b932c830 DEOPT PACKING pc=0x000001e3cb92b2ac sp=0x0000001d881fe070
Event: 6.063 Thread 0x000001e3b932c830 DEOPT UNPACKING pc=0x000001e3cb3b4402 sp=0x0000001d881fdff0 mode 2
Event: 6.064 Thread 0x000001e3b932c830 Uncommon trap: trap_request=0xffffffde fr.pc=0x000001e3cb92b2ac relative=0x0000000000000d4c
Event: 6.064 Thread 0x000001e3b932c830 Uncommon trap: reason=class_check action=maybe_recompile pc=0x000001e3cb92b2ac method=java.util.Properties$LineReader.readLine()I @ 70 c2
Event: 6.064 Thread 0x000001e3b932c830 DEOPT PACKING pc=0x000001e3cb92b2ac sp=0x0000001d881fe070
Event: 6.064 Thread 0x000001e3b932c830 DEOPT UNPACKING pc=0x000001e3cb3b4402 sp=0x0000001d881fdff0 mode 2

Classes loaded (20 events):
Event: 6.107 Loading class jdk/net/ExtendedSocketOptions$1
Event: 6.107 Loading class jdk/net/ExtendedSocketOptions$1 done
Event: 6.109 Loading class java/net/StandardProtocolFamily
Event: 6.109 Loading class java/net/StandardProtocolFamily done
Event: 6.110 Loading class sun/nio/ch/ServerSocketAdaptor
Event: 6.110 Loading class sun/nio/ch/ServerSocketAdaptor done
Event: 6.110 Loading class sun/nio/ch/DummySocketImpl
Event: 6.110 Loading class java/net/SocketImpl
Event: 6.110 Loading class java/net/SocketOptions
Event: 6.110 Loading class java/net/SocketOptions done
Event: 6.110 Loading class java/net/SocketImpl done
Event: 6.110 Loading class sun/nio/ch/DummySocketImpl done
Event: 6.110 Loading class java/net/InetSocketAddress$InetSocketAddressHolder
Event: 6.111 Loading class java/net/InetSocketAddress$InetSocketAddressHolder done
Event: 6.111 Loading class sun/net/NetHooks
Event: 6.111 Loading class sun/net/NetHooks done
Event: 6.111 Loading class java/net/BindException
Event: 6.111 Loading class java/net/BindException done
Event: 6.111 Loading class java/util/LinkedHashMap$LinkedKeySet
Event: 6.111 Loading class java/util/LinkedHashMap$LinkedKeySet done

Classes unloaded (0 events):
No events

Classes redefined (0 events):
No events

Internal exceptions (15 events):
Event: 1.399 Thread 0x000001e3b932c830 Exception <a 'java/lang/NoSuchMethodError'{0x000000074fd2ff40}: 'java.lang.Object java.lang.invoke.DirectMethodHandle$Holder.invokeInterface(java.lang.Object, java.lang.Object)'> (0x000000074fd2ff40) 
thrown [s\open\src\hotspot\share\interpreter\linkResolver.cpp, line 796]
Event: 1.503 Thread 0x000001e3b932c830 Exception <a 'java/lang/NoSuchMethodError'{0x000000074fbac9c8}: 'void java.lang.invoke.DirectMethodHandle$Holder.invokeVirtual(java.lang.Object, java.lang.Object, int)'> (0x000000074fbac9c8) 
thrown [s\open\src\hotspot\share\interpreter\linkResolver.cpp, line 796]
Event: 1.506 Thread 0x000001e3b932c830 Exception <a 'java/lang/NoSuchMethodError'{0x000000074fbc0cb8}: 'java.lang.Object java.lang.invoke.DirectMethodHandle$Holder.invokeStatic(java.lang.Object, java.lang.Object, java.lang.Object, java.lang.Object, int)'> (0x000000074fbc0cb8) 
thrown [s\open\src\hotspot\share\interpreter\linkResolver.cpp, line 796]
Event: 1.506 Thread 0x000001e3b932c830 Exception <a 'java/lang/NoSuchMethodError'{0x000000074fbcbc20}: 'void java.lang.invoke.DelegatingMethodHandle$Holder.reinvoke_L(java.lang.Object, java.lang.Object, int)'> (0x000000074fbcbc20) 
thrown [s\open\src\hotspot\share\interpreter\linkResolver.cpp, line 796]
Event: 1.508 Thread 0x000001e3b932c830 Exception <a 'java/lang/NoSuchMethodError'{0x000000074fbd38a8}: 'int java.lang.invoke.DirectMethodHandle$Holder.invokeSpecial(java.lang.Object, java.lang.Object, java.lang.Object)'> (0x000000074fbd38a8) 
thrown [s\open\src\hotspot\share\interpreter\linkResolver.cpp, line 796]
Event: 1.544 Thread 0x000001e3b932c830 Exception <a 'java/lang/NoSuchMethodError'{0x000000074f874048}: 'java.lang.Object java.lang.invoke.DirectMethodHandle$Holder.invokeStatic(java.lang.Object, int, java.lang.Object)'> (0x000000074f874048) 
thrown [s\open\src\hotspot\share\interpreter\linkResolver.cpp, line 796]
Event: 1.563 Thread 0x000001e3b932c830 Exception <a 'java/lang/ClassNotFoundException'{0x000000074f8c3670}: sun/util/logging/resources/spi/loggingProvider> (0x000000074f8c3670) 
thrown [s\open\src\hotspot\share\classfile\systemDictionary.cpp, line 313]
Event: 1.721 Thread 0x000001e3b932c830 Exception <a 'java/lang/NoSuchMethodError'{0x000000074f45b288}: 'void java.lang.invoke.DirectMethodHandle$Holder.invokeSpecial(java.lang.Object, java.lang.Object, java.lang.Object)'> (0x000000074f45b288) 
thrown [s\open\src\hotspot\share\interpreter\linkResolver.cpp, line 796]
Event: 1.722 Thread 0x000001e3b932c830 Exception <a 'java/lang/NoSuchMethodError'{0x000000074f464758}: 'void java.lang.invoke.DirectMethodHandle$Holder.invokeStatic(java.lang.Object, int, java.lang.Object)'> (0x000000074f464758) 
thrown [s\open\src\hotspot\share\interpreter\linkResolver.cpp, line 796]
Event: 1.793 Thread 0x000001e3b932c830 Exception <a 'java/lang/NoSuchMethodError'{0x000000074f2178e8}: 'int java.lang.invoke.DirectMethodHandle$Holder.invokeVirtual(java.lang.Object, java.lang.Object, java.lang.Object)'> (0x000000074f2178e8) 
thrown [s\open\src\hotspot\share\interpreter\linkResolver.cpp, line 796]
Event: 2.862 Thread 0x000001e3b932c830 Exception <a 'java/lang/NoSuchMethodError'{0x000000074f377fc8}: 'int java.lang.invoke.DirectMethodHandle$Holder.invokeInterface(java.lang.Object, java.lang.Object)'> (0x000000074f377fc8) 
thrown [s\open\src\hotspot\share\interpreter\linkResolver.cpp, line 796]
Event: 2.862 Thread 0x000001e3b932c830 Exception <a 'java/lang/IncompatibleClassChangeError'{0x000000074f37b1f0}: Found class java.lang.Object, but interface was expected> (0x000000074f37b1f0) 
thrown [s\open\src\hotspot\share\interpreter\linkResolver.cpp, line 863]
Event: 2.862 Thread 0x000001e3b932c830 Exception <a 'java/lang/NoSuchMethodError'{0x000000074f380360}: 'void java.lang.invoke.DirectMethodHandle$Holder.invokeStatic(java.lang.Object, java.lang.Object)'> (0x000000074f380360) 
thrown [s\open\src\hotspot\share\interpreter\linkResolver.cpp, line 796]
Event: 2.904 Thread 0x000001e3b932c830 Exception <a 'java/lang/NoSuchMethodError'{0x000000074f109a88}: 'java.lang.Object java.lang.invoke.DirectMethodHandle$Holder.invokeStaticInit(java.lang.Object, java.lang.Object, java.lang.Object)'> (0x000000074f109a88) 
thrown [s\open\src\hotspot\share\interpreter\linkResolver.cpp, line 796]
Event: 6.111 Thread 0x000001e3b932c830 Exception <a 'java/net/BindException'{0x000000074e857ca8}: Address already in use: bind> (0x000000074e857ca8) 
thrown [s\open\src\hotspot\share\prims\jni.cpp, line 539]

VM Operations (14 events):
Event: 1.305 Executing VM operation: HandshakeAllThreads (Deoptimize)
Event: 1.305 Executing VM operation: HandshakeAllThreads (Deoptimize) done
Event: 1.515 Executing VM operation: HandshakeAllThreads (Deoptimize)
Event: 1.515 Executing VM operation: HandshakeAllThreads (Deoptimize) done
Event: 1.589 Executing VM operation: HandshakeAllThreads (Deoptimize)
Event: 1.589 Executing VM operation: HandshakeAllThreads (Deoptimize) done
Event: 1.749 Executing VM operation: HandshakeAllThreads (Deoptimize)
Event: 1.749 Executing VM operation: HandshakeAllThreads (Deoptimize) done
Event: 2.852 Executing VM operation: HandshakeAllThreads (Deoptimize)
Event: 2.852 Executing VM operation: HandshakeAllThreads (Deoptimize) done
Event: 2.865 Executing VM operation: HandshakeAllThreads (Deoptimize)
Event: 2.865 Executing VM operation: HandshakeAllThreads (Deoptimize) done
Event: 6.100 Executing VM operation: HandshakeAllThreads (Deoptimize)
Event: 6.100 Executing VM operation: HandshakeAllThreads (Deoptimize) done

Memory protections (0 events):
No events

Nmethod flushes (0 events):
No events

Events (13 events):
Event: 1.108 Thread 0x000001e3b932c830 Thread added: 0x000001e3b932c830
Event: 1.187 Thread 0x000001e3b932c830 Thread added: 0x000001e3d9b0dd90
Event: 1.187 Thread 0x000001e3b932c830 Thread added: 0x000001e3d9b0e7f0
Event: 1.189 Thread 0x000001e3b932c830 Thread added: 0x000001e3d9b56550
Event: 1.190 Thread 0x000001e3b932c830 Thread added: 0x000001e3d9b3af20
Event: 1.190 Thread 0x000001e3b932c830 Thread added: 0x000001e3d9b3c990
Event: 1.190 Thread 0x000001e3b932c830 Thread added: 0x000001e3d9b3d3f0
Event: 1.190 Thread 0x000001e3b932c830 Thread added: 0x000001e3d9b3e180
Event: 1.190 Thread 0x000001e3b932c830 Thread added: 0x000001e3d9b432b0
Event: 1.249 Thread 0x000001e3b932c830 Thread added: 0x000001e3d9cfff70
Event: 1.256 Thread 0x000001e3b932c830 Thread added: 0x000001e3d9d09620
Event: 1.478 Thread 0x000001e3d9b432b0 Thread added: 0x000001e3de369c60
Event: 2.945 Thread 0x000001e3d9b432b0 Thread added: 0x000001e3dea75480


Dynamic libraries:
0x00007ff7c5650000 - 0x00007ff7c565e000 	C:\Users\avala\Downloads\SENG2050\openjdk-23.0.2_windows-x64_bin\jdk-23.0.2\bin\java.exe
0x00007ffc67b40000 - 0x00007ffc67da3000 	C:\WINDOWS\SYSTEM32\ntdll.dll
0x00007ffc675d0000 - 0x00007ffc67697000 	C:\WINDOWS\System32\KERNEL32.DLL
0x00007ffc64d40000 - 0x00007ffc65109000 	C:\WINDOWS\System32\KERNELBASE.dll
0x00007ffc656c0000 - 0x00007ffc6580c000 	C:\WINDOWS\System32\ucrtbase.dll
0x00007ffc4abc0000 - 0x00007ffc4abdb000 	C:\Users\avala\Downloads\SENG2050\openjdk-23.0.2_windows-x64_bin\jdk-23.0.2\bin\VCRUNTIME140.dll
0x00007ffc57af0000 - 0x00007ffc57b07000 	C:\Users\avala\Downloads\SENG2050\openjdk-23.0.2_windows-x64_bin\jdk-23.0.2\bin\jli.dll
0x00007ffc66e40000 - 0x00007ffc6700a000 	C:\WINDOWS\System32\USER32.dll
0x00007ffc65690000 - 0x00007ffc656b7000 	C:\WINDOWS\System32\win32u.dll
0x00007ffc663b0000 - 0x00007ffc663da000 	C:\WINDOWS\System32\GDI32.dll
0x00007ffc43e90000 - 0x00007ffc44120000 	C:\WINDOWS\WinSxS\amd64_microsoft.windows.common-controls_6595b64144ccf1df_6.0.26100.3323_none_3e088096e3344490\COMCTL32.dll
0x00007ffc65110000 - 0x00007ffc65241000 	C:\WINDOWS\System32\gdi32full.dll
0x00007ffc66200000 - 0x00007ffc662a9000 	C:\WINDOWS\System32\msvcrt.dll
0x00007ffc655e0000 - 0x00007ffc65683000 	C:\WINDOWS\System32\msvcp_win.dll
0x00007ffc67970000 - 0x00007ffc6799f000 	C:\WINDOWS\System32\IMM32.DLL
0x00007ffc59aa0000 - 0x00007ffc59aac000 	C:\Users\avala\Downloads\SENG2050\openjdk-23.0.2_windows-x64_bin\jdk-23.0.2\bin\vcruntime140_1.dll
0x00007ffc43790000 - 0x00007ffc4381e000 	C:\Users\avala\Downloads\SENG2050\openjdk-23.0.2_windows-x64_bin\jdk-23.0.2\bin\msvcp140.dll
0x00007ffbbc710000 - 0x00007ffbbd460000 	C:\Users\avala\Downloads\SENG2050\openjdk-23.0.2_windows-x64_bin\jdk-23.0.2\bin\server\jvm.dll
0x00007ffc67a30000 - 0x00007ffc67ae2000 	C:\WINDOWS\System32\ADVAPI32.dll
0x00007ffc65fb0000 - 0x00007ffc66056000 	C:\WINDOWS\System32\sechost.dll
0x00007ffc67480000 - 0x00007ffc67596000 	C:\WINDOWS\System32\RPCRT4.dll
0x00007ffc66410000 - 0x00007ffc66484000 	C:\WINDOWS\System32\WS2_32.dll
0x00007ffc639f0000 - 0x00007ffc63a3e000 	C:\WINDOWS\SYSTEM32\POWRPROF.dll
0x00007ffc567d0000 - 0x00007ffc56806000 	C:\WINDOWS\SYSTEM32\WINMM.dll
0x00007ffc4eaa0000 - 0x00007ffc4eaab000 	C:\WINDOWS\SYSTEM32\VERSION.dll
0x00007ffc639d0000 - 0x00007ffc639e4000 	C:\WINDOWS\SYSTEM32\UMPDC.dll
0x00007ffc63c70000 - 0x00007ffc63c8a000 	C:\WINDOWS\SYSTEM32\kernel.appcore.dll
0x00007ffc58140000 - 0x00007ffc5814a000 	C:\Users\avala\Downloads\SENG2050\openjdk-23.0.2_windows-x64_bin\jdk-23.0.2\bin\jimage.dll
0x00007ffc625b0000 - 0x00007ffc627f1000 	C:\WINDOWS\SYSTEM32\DBGHELP.DLL
0x00007ffc670f0000 - 0x00007ffc67472000 	C:\WINDOWS\System32\combase.dll
0x00007ffc67010000 - 0x00007ffc670e6000 	C:\WINDOWS\System32\OLEAUT32.dll
0x00007ffc56790000 - 0x00007ffc567c9000 	C:\WINDOWS\SYSTEM32\dbgcore.DLL
0x00007ffc653d0000 - 0x00007ffc65469000 	C:\WINDOWS\System32\bcryptPrimitives.dll
0x00007ffc4aae0000 - 0x00007ffc4aafe000 	C:\Users\avala\Downloads\SENG2050\openjdk-23.0.2_windows-x64_bin\jdk-23.0.2\bin\java.dll
0x00007ffc66060000 - 0x00007ffc661f5000 	C:\WINDOWS\System32\ole32.dll
0x00007ffc66540000 - 0x00007ffc66c55000 	C:\WINDOWS\System32\SHELL32.dll
0x00007ffc65470000 - 0x00007ffc655d8000 	C:\WINDOWS\System32\wintypes.dll
0x00007ffc62a60000 - 0x00007ffc632a5000 	C:\WINDOWS\SYSTEM32\windows.storage.dll
0x00007ffc66d50000 - 0x00007ffc66e3b000 	C:\WINDOWS\System32\SHCORE.dll
0x00007ffc67730000 - 0x00007ffc6778d000 	C:\WINDOWS\System32\shlwapi.dll
0x00007ffc64c50000 - 0x00007ffc64c7f000 	C:\WINDOWS\SYSTEM32\profapi.dll
0x00007ffc22e70000 - 0x00007ffc22f47000 	C:\Users\avala\Downloads\SENG2050\openjdk-23.0.2_windows-x64_bin\jdk-23.0.2\bin\jsvml.dll
0x00007ffc57f20000 - 0x00007ffc57f30000 	C:\Users\avala\Downloads\SENG2050\openjdk-23.0.2_windows-x64_bin\jdk-23.0.2\bin\net.dll
0x00007ffc64190000 - 0x00007ffc641fa000 	C:\WINDOWS\system32\mswsock.dll
0x00007ffc4aac0000 - 0x00007ffc4aad6000 	C:\Users\avala\Downloads\SENG2050\openjdk-23.0.2_windows-x64_bin\jdk-23.0.2\bin\nio.dll
0x00007ffc4aa70000 - 0x00007ffc4aa87000 	C:\Users\avala\Downloads\SENG2050\openjdk-23.0.2_windows-x64_bin\jdk-23.0.2\bin\zip.dll
0x00007ffc4ab20000 - 0x00007ffc4ab2a000 	C:\Users\avala\Downloads\SENG2050\openjdk-23.0.2_windows-x64_bin\jdk-23.0.2\bin\management.dll
0x00007ffc4aa60000 - 0x00007ffc4aa6b000 	C:\Users\avala\Downloads\SENG2050\openjdk-23.0.2_windows-x64_bin\jdk-23.0.2\bin\management_ext.dll
0x00007ffc66cc0000 - 0x00007ffc66cc8000 	C:\WINDOWS\System32\PSAPI.DLL
0x00007ffc4aa50000 - 0x00007ffc4aa59000 	C:\Users\avala\Downloads\SENG2050\openjdk-23.0.2_windows-x64_bin\jdk-23.0.2\bin\extnet.dll

dbghelp: loaded successfully - version: 4.0.5 - missing functions: none
symbol engine: initialized successfully - sym options: 0x614 - pdb path: .;C:\Users\avala\Downloads\SENG2050\openjdk-23.0.2_windows-x64_bin\jdk-23.0.2\bin;C:\WINDOWS\SYSTEM32;C:\WINDOWS\WinSxS\amd64_microsoft.windows.common-controls_6595b64144ccf1df_6.0.26100.3323_none_3e088096e3344490;C:\Users\avala\Downloads\SENG2050\openjdk-23.0.2_windows-x64_bin\jdk-23.0.2\bin\server

VM Arguments:
jvm_args: -XX:+ShowCodeDetailsInExceptionMessages 
java_command: seng2050.Main
java_class_path (initial): C:\Users\avala\Downloads\SENG2050\ProgrammingAssignment\assignment1\target\classes;C:\Users\avala\.m2\repository\com\password4j\password4j\1.8.2\password4j-1.8.2.jar;C:\Users\avala\.m2\repository\org\slf4j\slf4j-api\2.0.12\slf4j-api-2.0.12.jar;C:\Users\avala\.m2\repository\org\apache\tomcat\tomcat-jdbc\11.0.5\tomcat-jdbc-11.0.5.jar;C:\Users\avala\.m2\repository\org\apache\tomcat\tomcat-juli\11.0.5\tomcat-juli-11.0.5.jar;C:\Users\avala\.m2\repository\com\mysql\mysql-connector-j\8.0.33\mysql-connector-j-8.0.33.jar;C:\Users\avala\.m2\repository\com\google\protobuf\protobuf-java\3.21.9\protobuf-java-3.21.9.jar;C:\Users\avala\.m2\repository\org\apache\tomcat\embed\tomcat-embed-jasper\10.1.34\tomcat-embed-jasper-10.1.34.jar;C:\Users\avala\.m2\repository\org\apache\tomcat\embed\tomcat-embed-el\10.1.34\tomcat-embed-el-10.1.34.jar;C:\Users\avala\.m2\repository\org\eclipse\jdt\ecj\3.33.0\ecj-3.33.0.jar;C:\Users\avala\.m2\repository\jakarta\servlet\jakarta.servlet-api\6.1.0\jakarta.servlet-api-6.1.0.jar;C:\Users\avala\.m2\repository\org\apache\tomcat\embed\tomcat-embed-core\10.1.34\tomcat-embed-core-10.1.34.jar;C:\Users\avala\.m2\repository\org\apache\tomcat\tomcat-annotations-api\10.1.34\tomcat-annotations-api-10.1.34.jar
Launcher Type: SUN_STANDARD

[Global flags]
     intx CICompilerCount                          = 4                                         {product} {ergonomic}
     uint ConcGCThreads                            = 3                                         {product} {ergonomic}
     uint G1ConcRefinementThreads                  = 10                                        {product} {ergonomic}
   size_t G1HeapRegionSize                         = 2097152                                   {product} {ergonomic}
   size_t InitialHeapSize                          = 197132288                                 {product} {ergonomic}
   size_t MarkStackSize                            = 4194304                                   {product} {ergonomic}
   size_t MarkStackSizeMax                         = 536870912                                 {product} {ergonomic}
   size_t MaxHeapSize                              = 3149922304                                {product} {ergonomic}
   size_t MaxNewSize                               = 1889533952                                {product} {ergonomic}
   size_t MinHeapDeltaBytes                        = 2097152                                   {product} {ergonomic}
   size_t MinHeapSize                              = 8388608                                   {product} {ergonomic}
    uintx NonNMethodCodeHeapSize                   = 5832704                                {pd product} {ergonomic}
    uintx NonProfiledCodeHeapSize                  = 122945536                              {pd product} {ergonomic}
    uintx ProfiledCodeHeapSize                     = 122880000                              {pd product} {ergonomic}
    uintx ReservedCodeCacheSize                    = 251658240                              {pd product} {ergonomic}
     bool SegmentedCodeCache                       = true                                      {product} {ergonomic}
     bool ShowCodeDetailsInExceptionMessages       = true                                   {manageable} {command line}
   size_t SoftMaxHeapSize                          = 3149922304                             {manageable} {ergonomic}
     bool UseCompressedOops                        = true                           {product lp64_product} {ergonomic}
     bool UseG1GC                                  = true                                      {product} {ergonomic}
     bool UseLargePagesIndividualAllocation        = false                                  {pd product} {ergonomic}

Logging:
Log output configuration:
 #0: stdout all=warning uptime,level,tags foldmultilines=false
 #1: stderr all=off uptime,level,tags foldmultilines=false

Environment Variables:
JAVA_HOME=C:\Users\avala\Downloads\SENG2050\openjdk-23.0.2_windows-x64_bin\jdk-23.0.2
PATH=C:\Program Files (x86)\VMware\VMware Workstation\bin\;C:\WINDOWS\system32;C:\WINDOWS;C:\WINDOWS\System32\Wbem;C:\WINDOWS\System32\WindowsPowerShell\v1.0\;C:\WINDOWS\System32\OpenSSH\;C:\Program Files\dotnet\;C:\Program Files (x86)\Windows Kits\10\Windows Performance Toolkit\;C:\Program Files\Git\cmd;C:\Users\avala\Downloads\SENG2050\openjdk-23.0.2_windows-x64_bin\jdk-23.0.2\bin;C:\Program Files (x86)\Microsoft SQL Server\160\Tools\Binn\;C:\Program Files\Microsoft SQL Server\160\Tools\Binn\;C:\Program Files\Microsoft SQL Server\Client SDK\ODBC\170\Tools\Binn\;C:\Program Files\Microsoft SQL Server\160\DTS\Binn\;C:\Program Files (x86)\Microsoft SQL Server\160\DTS\Binn\;C:\Program Files\MySQL\MySQL Shell 8.0\bin\;C:\Users\avala\AppData\Local\Programs\Python\Python313\Scripts\;C:\Users\avala\AppData\Local\Programs\Python\Python313\;C:\Users\avala\AppData\Local\Programs\Python\Launcher\;C:\Users\avala\AppData\Local\Microsoft\WindowsApps;C:\Users\avala\Downloads\Microsoft VS Code\bin;C:\Users\avala\.dotnet\tools;C:\Users\avala\AppData\Local\Programs\Azure Data Studio\bin;
USERNAME=avala
LANG=en_US.UTF-8
OS=Windows_NT
PROCESSOR_IDENTIFIER=Intel64 Family 6 Model 154 Stepping 4, GenuineIntel
TMP=C:\Users\avala\AppData\Local\Temp
TEMP=C:\Users\avala\AppData\Local\Temp




Periodic native trim disabled

---------------  S Y S T E M  ---------------

OS:
 Windows 11 , 64 bit Build 26100 (10.0.26100.3323)
OS uptime: 24 days 20:05 hours

CPU: total 12 (initial active 12) (6 cores per cpu, 2 threads per core) family 6 model 154 stepping 4 microcode 0x41c, cx8, cmov, fxsr, ht, mmx, 3dnowpref, sse, sse2, sse3, ssse3, sse4.1, sse4.2, popcnt, lzcnt, tsc, tscinvbit, avx, avx2, aes, erms, clmul, bmi1, bmi2, adx, sha, fma, vzeroupper, clflush, clflushopt, clwb, serialize, rdtscp, rdpid, fsrm, gfni, f16c, pku, cet_ibt, cet_ss
Processor Information for processor 0
  Max Mhz: 1700, Current Mhz: 1700, Mhz Limit: 1700
Processor Information for processor 1
  Max Mhz: 1700, Current Mhz: 1700, Mhz Limit: 1700
Processor Information for processor 2
  Max Mhz: 1700, Current Mhz: 1700, Mhz Limit: 1700
Processor Information for processor 3
  Max Mhz: 1700, Current Mhz: 1700, Mhz Limit: 1700
Processor Information for processor 4
  Max Mhz: 1200, Current Mhz: 1200, Mhz Limit: 1200
Processor Information for processor 5
  Max Mhz: 1200, Current Mhz: 1200, Mhz Limit: 1200
Processor Information for processor 6
  Max Mhz: 1200, Current Mhz: 1200, Mhz Limit: 1200
Processor Information for processor 7
  Max Mhz: 1200, Current Mhz: 1200, Mhz Limit: 1200
Processor Information for processor 8
  Max Mhz: 1200, Current Mhz: 1200, Mhz Limit: 1200
Processor Information for processor 9
  Max Mhz: 1200, Current Mhz: 1200, Mhz Limit: 1200
Processor Information for processor 10
  Max Mhz: 1200, Current Mhz: 1200, Mhz Limit: 1200
Processor Information for processor 11
  Max Mhz: 1200, Current Mhz: 1200, Mhz Limit: 1200

Memory: 4k page, system-wide physical 12012M (695M free)
TotalPageFile size 48876M (AvailPageFile size 0M)
current process WorkingSet (physical memory assigned to process): 91M, peak: 94M
current process commit charge ("private bytes"): 302M, peak: 307M

vm_info: OpenJDK 64-Bit Server VM (23.0.2+7-58) for windows-amd64 JRE (23.0.2+7-58), built on 2024-11-29T09:34:55Z with MS VC++ 17.6 (VS2022)

END.
