#
# There is insufficient memory for the Java Runtime Environment to continue.
# Native memory allocation (mmap) failed to map 197132288 bytes. Error detail: G1 virtual space
# Possible reasons:
#   The system is out of physical RAM or swap space
#   This process is running with CompressedOops enabled, and the Java Heap may be blocking the growth of the native heap
# Possible solutions:
#   Reduce memory load on the system
#   Increase physical memory or swap space
#   Check if swap backing store is full
#   Decrease Java heap size (-Xmx/-Xms)
#   Decrease number of Java threads
#   Decrease Java thread stack sizes (-Xss)
#   Set larger code cache with -XX:ReservedCodeCacheSize=
#   JVM is running with Zero Based Compressed Oops mode in which the Java heap is
#     placed in the first 32GB address space. The Java Heap base address is the
#     maximum limit for the native heap growth. Please use -XX:HeapBaseMinAddress
#     to set the Java Heap base and to place the Java Heap above 32GB virtual address.
# This output file may be truncated or incomplete.
#
#  Out of Memory Error (os_windows.cpp:3707), pid=52924, tid=36588
#
# JRE version:  (23.0.2+7) (build )
# Java VM: OpenJDK 64-Bit Server VM (23.0.2+7-58, mixed mode, sharing, tiered, compressed oops, compressed class ptrs, g1 gc, windows-amd64)
# No core dump will be written. Minidumps are not enabled by default on client versions of Windows
#

---------------  S U M M A R Y ------------

Command Line: -XX:+ShowCodeDetailsInExceptionMessages seng2050.Main

Host: 12th Gen Intel(R) Core(TM) i7-1255U, 12 cores, 11G,  Windows 11 , 64 bit Build 26100 (10.0.26100.3323)
Time: Mon Apr  7 05:52:38 2025 Eastern Daylight Time elapsed time: 2.041164 seconds (0d 0h 0m 2s)

---------------  T H R E A D  ---------------

Current thread (0x000002cc9788e230):  JavaThread "Unknown thread" [_thread_in_vm, id=36588, stack(0x000000dc7ee00000,0x000000dc7ef00000) (1024K)]

Stack: [0x000000dc7ee00000,0x000000dc7ef00000]
Native frames: (J=compiled Java code, j=interpreted, Vv=VM code, C=native code)
V  [jvm.dll+0x6e0b99]  (no source info available)
V  [jvm.dll+0x87e2b3]  (no source info available)
V  [jvm.dll+0x88073e]  (no source info available)
V  [jvm.dll+0x880e13]  (no source info available)
V  [jvm.dll+0x27b006]  (no source info available)
V  [jvm.dll+0x6dd485]  (no source info available)
V  [jvm.dll+0x6d127a]  (no source info available)
V  [jvm.dll+0x35b50a]  (no source info available)
V  [jvm.dll+0x363916]  (no source info available)
V  [jvm.dll+0x34fe7e]  (no source info available)
V  [jvm.dll+0x350118]  (no source info available)
V  [jvm.dll+0x328aec]  (no source info available)
V  [jvm.dll+0x32978e]  (no source info available)
V  [jvm.dll+0x8449a5]  (no source info available)
V  [jvm.dll+0x3b9a08]  (no source info available)
V  [jvm.dll+0x82d68c]  (no source info available)
V  [jvm.dll+0x454f2e]  (no source info available)
V  [jvm.dll+0x456db1]  (no source info available)
C  [jli.dll+0x52a3]  (no source info available)
C  [ucrtbase.dll+0x37b0]  (no source info available)
C  [KERNEL32.DLL+0x2e8d7]  (no source info available)
C  [ntdll.dll+0xbbf6c]  (no source info available)

Lock stack of current Java thread (top to bottom):


---------------  P R O C E S S  ---------------

Threads class SMR info:
_java_thread_list=0x00007ffbbd304618, length=0, elements={
}

Java Threads: ( => current thread )
Total: 0

Other Threads:
  0x000002cc993d0ca0 WorkerThread "GC Thread#0"                     [id=52500, stack(0x000000dc7ef00000,0x000000dc7f000000) (1024K)]
  0x000002cc993e06b0 ConcurrentGCThread "G1 Main Marker"            [id=43900, stack(0x000000dc7f000000,0x000000dc7f100000) (1024K)]
  0x000002cc993e1ff0 WorkerThread "G1 Conc#0"                       [id=57316, stack(0x000000dc7f100000,0x000000dc7f200000) (1024K)]

[error occurred during error reporting (printing all threads), id 0xc0000005, EXCEPTION_ACCESS_VIOLATION (0xc0000005) at pc=0x00007ffbbca4c0da]
VM state: not at safepoint (not fully initialized)

VM Mutex/Monitor currently owned by a thread:  ([mutex/lock_event])
[0x00007ffbbd384988] Heap_lock - owner thread: 0x000002cc9788e230

Heap address: 0x0000000744400000, size: 3004 MB, Compressed Oops mode: Zero based, Oop shift amount: 3

CDS archive(s) mapped at: [0x0000000000000000-0x0000000000000000-0x0000000000000000), size 0, SharedBaseAddress: 0x0000000800000000, ArchiveRelocationMode: 1.
Narrow klass base: 0x0000000000000000, Narrow klass shift: 0, Narrow klass range: 0x0

GC Precious Log:
 CardTable entry size: 512
 Card Set container configuration: InlinePtr #cards 4 size 8 Array Of Cards #cards 16 size 48 Howl #buckets 8 coarsen threshold 3686 Howl Bitmap #cards 512 size 80 coarsen threshold 460 Card regions per heap region 1 cards per card region 4096

Heap:
 garbage-first heap   total reserved 3076096K, committed 0K, used 0K [0x0000000744400000, 0x0000000800000000)
  region size 2048K, 0 young (0K), 0 survivors (0K)

[error occurred during error reporting (printing heap information), id 0xc0000005, EXCEPTION_ACCESS_VIOLATION (0xc0000005) at pc=0x00007ffbbce4c6a9]
GC Heap History (0 events):
No events

Dll operation events (1 events):
Event: 0.011 Loaded shared library C:\Users\avala\Downloads\SENG2050\openjdk-23.0.2_windows-x64_bin\jdk-23.0.2\bin\java.dll

Deoptimization events (0 events):
No events

Classes loaded (0 events):
No events

Classes unloaded (0 events):
No events

Classes redefined (0 events):
No events

Internal exceptions (0 events):
No events

VM Operations (0 events):
No events

Memory protections (0 events):
No events

Nmethod flushes (0 events):
No events

Events (0 events):
No events


Dynamic libraries:
0x00007ff7c5650000 - 0x00007ff7c565e000 	C:\Users\avala\Downloads\SENG2050\openjdk-23.0.2_windows-x64_bin\jdk-23.0.2\bin\java.exe
0x00007ffc67b40000 - 0x00007ffc67da3000 	C:\WINDOWS\SYSTEM32\ntdll.dll
0x00007ffc675d0000 - 0x00007ffc67697000 	C:\WINDOWS\System32\KERNEL32.DLL
0x00007ffc64d40000 - 0x00007ffc65109000 	C:\WINDOWS\System32\KERNELBASE.dll
0x00007ffc656c0000 - 0x00007ffc6580c000 	C:\WINDOWS\System32\ucrtbase.dll
0x00007ffc57af0000 - 0x00007ffc57b07000 	C:\Users\avala\Downloads\SENG2050\openjdk-23.0.2_windows-x64_bin\jdk-23.0.2\bin\jli.dll
0x00007ffc4abc0000 - 0x00007ffc4abdb000 	C:\Users\avala\Downloads\SENG2050\openjdk-23.0.2_windows-x64_bin\jdk-23.0.2\bin\VCRUNTIME140.dll
0x00007ffc66e40000 - 0x00007ffc6700a000 	C:\WINDOWS\System32\USER32.dll
0x00007ffc65690000 - 0x00007ffc656b7000 	C:\WINDOWS\System32\win32u.dll
0x00007ffc43e90000 - 0x00007ffc44120000 	C:\WINDOWS\WinSxS\amd64_microsoft.windows.common-controls_6595b64144ccf1df_6.0.26100.3323_none_3e088096e3344490\COMCTL32.dll
0x00007ffc663b0000 - 0x00007ffc663da000 	C:\WINDOWS\System32\GDI32.dll
0x00007ffc66200000 - 0x00007ffc662a9000 	C:\WINDOWS\System32\msvcrt.dll
0x00007ffc65110000 - 0x00007ffc65241000 	C:\WINDOWS\System32\gdi32full.dll
0x00007ffc655e0000 - 0x00007ffc65683000 	C:\WINDOWS\System32\msvcp_win.dll
0x00007ffc67970000 - 0x00007ffc6799f000 	C:\WINDOWS\System32\IMM32.DLL
0x00007ffc59aa0000 - 0x00007ffc59aac000 	C:\Users\avala\Downloads\SENG2050\openjdk-23.0.2_windows-x64_bin\jdk-23.0.2\bin\vcruntime140_1.dll
0x00007ffc43790000 - 0x00007ffc4381e000 	C:\Users\avala\Downloads\SENG2050\openjdk-23.0.2_windows-x64_bin\jdk-23.0.2\bin\msvcp140.dll
0x00007ffbbc710000 - 0x00007ffbbd460000 	C:\Users\avala\Downloads\SENG2050\openjdk-23.0.2_windows-x64_bin\jdk-23.0.2\bin\server\jvm.dll
0x00007ffc67a30000 - 0x00007ffc67ae2000 	C:\WINDOWS\System32\ADVAPI32.dll
0x00007ffc65fb0000 - 0x00007ffc66056000 	C:\WINDOWS\System32\sechost.dll
0x00007ffc67480000 - 0x00007ffc67596000 	C:\WINDOWS\System32\RPCRT4.dll
0x00007ffc66410000 - 0x00007ffc66484000 	C:\WINDOWS\System32\WS2_32.dll
0x00007ffc4eaa0000 - 0x00007ffc4eaab000 	C:\WINDOWS\SYSTEM32\VERSION.dll
0x00007ffc639f0000 - 0x00007ffc63a3e000 	C:\WINDOWS\SYSTEM32\POWRPROF.dll
0x00007ffc567d0000 - 0x00007ffc56806000 	C:\WINDOWS\SYSTEM32\WINMM.dll
0x00007ffc639d0000 - 0x00007ffc639e4000 	C:\WINDOWS\SYSTEM32\UMPDC.dll
0x00007ffc63c70000 - 0x00007ffc63c8a000 	C:\WINDOWS\SYSTEM32\kernel.appcore.dll
0x00007ffc58140000 - 0x00007ffc5814a000 	C:\Users\avala\Downloads\SENG2050\openjdk-23.0.2_windows-x64_bin\jdk-23.0.2\bin\jimage.dll
0x00007ffc625b0000 - 0x00007ffc627f1000 	C:\WINDOWS\SYSTEM32\DBGHELP.DLL
0x00007ffc670f0000 - 0x00007ffc67472000 	C:\WINDOWS\System32\combase.dll
0x00007ffc67010000 - 0x00007ffc670e6000 	C:\WINDOWS\System32\OLEAUT32.dll
0x00007ffc56790000 - 0x00007ffc567c9000 	C:\WINDOWS\SYSTEM32\dbgcore.DLL
0x00007ffc653d0000 - 0x00007ffc65469000 	C:\WINDOWS\System32\bcryptPrimitives.dll
0x00007ffc4aae0000 - 0x00007ffc4aafe000 	C:\Users\avala\Downloads\SENG2050\openjdk-23.0.2_windows-x64_bin\jdk-23.0.2\bin\java.dll
0x00007ffc66060000 - 0x00007ffc661f5000 	C:\WINDOWS\System32\ole32.dll
0x00007ffc66540000 - 0x00007ffc66c55000 	C:\WINDOWS\System32\SHELL32.dll
0x00007ffc65470000 - 0x00007ffc655d8000 	C:\WINDOWS\System32\wintypes.dll

dbghelp: loaded successfully - version: 4.0.5 - missing functions: none
symbol engine: initialized successfully - sym options: 0x614 - pdb path: .;C:\Users\avala\Downloads\SENG2050\openjdk-23.0.2_windows-x64_bin\jdk-23.0.2\bin;C:\WINDOWS\SYSTEM32;C:\WINDOWS\WinSxS\amd64_microsoft.windows.common-controls_6595b64144ccf1df_6.0.26100.3323_none_3e088096e3344490;C:\Users\avala\Downloads\SENG2050\openjdk-23.0.2_windows-x64_bin\jdk-23.0.2\bin\server

VM Arguments:
jvm_args: -XX:+ShowCodeDetailsInExceptionMessages 
java_command: seng2050.Main
java_class_path (initial): C:\Users\avala\Downloads\SENG2050\ProgrammingAssignment\assignment1\target\classes;C:\Users\avala\.m2\repository\com\password4j\password4j\1.8.2\password4j-1.8.2.jar;C:\Users\avala\.m2\repository\org\slf4j\slf4j-api\2.0.12\slf4j-api-2.0.12.jar;C:\Users\avala\.m2\repository\org\apache\tomcat\tomcat-jdbc\11.0.5\tomcat-jdbc-11.0.5.jar;C:\Users\avala\.m2\repository\org\apache\tomcat\tomcat-juli\11.0.5\tomcat-juli-11.0.5.jar;C:\Users\avala\.m2\repository\com\mysql\mysql-connector-j\8.0.33\mysql-connector-j-8.0.33.jar;C:\Users\avala\.m2\repository\com\google\protobuf\protobuf-java\3.21.9\protobuf-java-3.21.9.jar;C:\Users\avala\.m2\repository\org\apache\tomcat\embed\tomcat-embed-jasper\10.1.34\tomcat-embed-jasper-10.1.34.jar;C:\Users\avala\.m2\repository\org\apache\tomcat\embed\tomcat-embed-el\10.1.34\tomcat-embed-el-10.1.34.jar;C:\Users\avala\.m2\repository\org\eclipse\jdt\ecj\3.33.0\ecj-3.33.0.jar;C:\Users\avala\.m2\repository\jakarta\servlet\jakarta.servlet-api\6.1.0\jakarta.servlet-api-6.1.0.jar;C:\Users\avala\.m2\repository\org\apache\tomcat\embed\tomcat-embed-core\10.1.34\tomcat-embed-core-10.1.34.jar;C:\Users\avala\.m2\repository\org\apache\tomcat\tomcat-annotations-api\10.1.34\tomcat-annotations-api-10.1.34.jar
Launcher Type: SUN_STANDARD

[Global flags]
     intx CICompilerCount                          = 4                                         {product} {ergonomic}
     uint ConcGCThreads                            = 3                                         {product} {ergonomic}
     uint G1ConcRefinementThreads                  = 10                                        {product} {ergonomic}
   size_t G1HeapRegionSize                         = 2097152                                   {product} {ergonomic}
   size_t InitialHeapSize                          = 197132288                                 {product} {ergonomic}
   size_t MarkStackSize                            = 4194304                                   {product} {ergonomic}
   size_t MarkStackSizeMax                         = 536870912                                 {product} {ergonomic}
   size_t MaxHeapSize                              = 3149922304                                {product} {ergonomic}
   size_t MinHeapDeltaBytes                        = 2097152                                   {product} {ergonomic}
   size_t MinHeapSize                              = 8388608                                   {product} {ergonomic}
    uintx NonNMethodCodeHeapSize                   = 5832704                                {pd product} {ergonomic}
    uintx NonProfiledCodeHeapSize                  = 122945536                              {pd product} {ergonomic}
    uintx ProfiledCodeHeapSize                     = 122880000                              {pd product} {ergonomic}
    uintx ReservedCodeCacheSize                    = 251658240                              {pd product} {ergonomic}
     bool SegmentedCodeCache                       = true                                      {product} {ergonomic}
     bool ShowCodeDetailsInExceptionMessages       = true                                   {manageable} {command line}
   size_t SoftMaxHeapSize                          = 3149922304                             {manageable} {ergonomic}
     bool UseCompressedOops                        = true                           {product lp64_product} {ergonomic}
     bool UseG1GC                                  = true                                      {product} {ergonomic}
     bool UseLargePagesIndividualAllocation        = false                                  {pd product} {ergonomic}

Logging:
Log output configuration:
 #0: stdout all=warning uptime,level,tags foldmultilines=false
 #1: stderr all=off uptime,level,tags foldmultilines=false

Environment Variables:
JAVA_HOME=C:\Users\avala\Downloads\SENG2050\openjdk-23.0.2_windows-x64_bin\jdk-23.0.2
PATH=C:\Program Files (x86)\VMware\VMware Workstation\bin\;C:\WINDOWS\system32;C:\WINDOWS;C:\WINDOWS\System32\Wbem;C:\WINDOWS\System32\WindowsPowerShell\v1.0\;C:\WINDOWS\System32\OpenSSH\;C:\Program Files\dotnet\;C:\Program Files (x86)\Windows Kits\10\Windows Performance Toolkit\;C:\Program Files\Git\cmd;C:\Users\avala\Downloads\SENG2050\openjdk-23.0.2_windows-x64_bin\jdk-23.0.2\bin;C:\Program Files (x86)\Microsoft SQL Server\160\Tools\Binn\;C:\Program Files\Microsoft SQL Server\160\Tools\Binn\;C:\Program Files\Microsoft SQL Server\Client SDK\ODBC\170\Tools\Binn\;C:\Program Files\Microsoft SQL Server\160\DTS\Binn\;C:\Program Files (x86)\Microsoft SQL Server\160\DTS\Binn\;C:\Program Files\MySQL\MySQL Shell 8.0\bin\;C:\Users\avala\AppData\Local\Programs\Python\Python313\Scripts\;C:\Users\avala\AppData\Local\Programs\Python\Python313\;C:\Users\avala\AppData\Local\Programs\Python\Launcher\;C:\Users\avala\AppData\Local\Microsoft\WindowsApps;C:\Users\avala\Downloads\Microsoft VS Code\bin;C:\Users\avala\.dotnet\tools;C:\Users\avala\AppData\Local\Programs\Azure Data Studio\bin;
USERNAME=avala
LANG=en_US.UTF-8
OS=Windows_NT
PROCESSOR_IDENTIFIER=Intel64 Family 6 Model 154 Stepping 4, GenuineIntel
TMP=C:\Users\avala\AppData\Local\Temp
TEMP=C:\Users\avala\AppData\Local\Temp




Periodic native trim disabled

---------------  S Y S T E M  ---------------

OS:
 Windows 11 , 64 bit Build 26100 (10.0.26100.3323)
OS uptime: 24 days 20:20 hours

CPU: total 12 (initial active 12) (6 cores per cpu, 2 threads per core) family 6 model 154 stepping 4 microcode 0x41c, cx8, cmov, fxsr, ht, mmx, 3dnowpref, sse, sse2, sse3, ssse3, sse4.1, sse4.2, popcnt, lzcnt, tsc, tscinvbit, avx, avx2, aes, erms, clmul, bmi1, bmi2, adx, sha, fma, vzeroupper, clflush, clflushopt, clwb, serialize, rdtscp, rdpid, fsrm, gfni, f16c, pku, cet_ibt, cet_ss
Processor Information for processor 0
  Max Mhz: 1700, Current Mhz: 1700, Mhz Limit: 1700
Processor Information for processor 1
  Max Mhz: 1700, Current Mhz: 1700, Mhz Limit: 1700
Processor Information for processor 2
  Max Mhz: 1700, Current Mhz: 1700, Mhz Limit: 1700
Processor Information for processor 3
  Max Mhz: 1700, Current Mhz: 1700, Mhz Limit: 1700
Processor Information for processor 4
  Max Mhz: 1200, Current Mhz: 1200, Mhz Limit: 1200
Processor Information for processor 5
  Max Mhz: 1200, Current Mhz: 1200, Mhz Limit: 1200
Processor Information for processor 6
  Max Mhz: 1200, Current Mhz: 1200, Mhz Limit: 1200
Processor Information for processor 7
  Max Mhz: 1200, Current Mhz: 1200, Mhz Limit: 1200
Processor Information for processor 8
  Max Mhz: 1200, Current Mhz: 1200, Mhz Limit: 1200
Processor Information for processor 9
  Max Mhz: 1200, Current Mhz: 1200, Mhz Limit: 1200
Processor Information for processor 10
  Max Mhz: 1200, Current Mhz: 1200, Mhz Limit: 1200
Processor Information for processor 11
  Max Mhz: 1200, Current Mhz: 1200, Mhz Limit: 1200

Memory: 4k page, system-wide physical 12012M (842M free)
TotalPageFile size 48876M (AvailPageFile size 2M)
current process WorkingSet (physical memory assigned to process): 13M, peak: 13M
current process commit charge ("private bytes"): 64M, peak: 252M

vm_info: OpenJDK 64-Bit Server VM (23.0.2+7-58) for windows-amd64 JRE (23.0.2+7-58), built on 2024-11-29T09:34:55Z with MS VC++ 17.6 (VS2022)

END.
